d:\joel\projects\boldarcmanagedfbx\boldarcmanagedfbx\x64\debug\boldarcmanagedfbx.pch
d:\joel\projects\boldarcmanagedfbx\boldarcmanagedfbx\x64\debug\vc120.pdb
d:\joel\projects\boldarcmanagedfbx\boldarcmanagedfbx\x64\debug\stdafx.obj
d:\joel\projects\boldarcmanagedfbx\boldarcmanagedfbx\x64\debug\mesh.obj
d:\joel\projects\boldarcmanagedfbx\boldarcmanagedfbx\x64\debug\fileexporter.obj
d:\joel\projects\boldarcmanagedfbx\boldarcmanagedfbx\x64\debug\assemblyinfo.obj
d:\joel\projects\boldarcmanagedfbx\boldarcmanagedfbx\x64\debug\.netframework,version=v4.5.assemblyattributes.obj
d:\joel\projects\boldarcrevitplugin\x64\debug\boldarcmanagedfbx.dll
d:\joel\projects\boldarcrevitplugin\x64\debug\boldarcmanagedfbx.pdb
d:\joel\projects\boldarcmanagedfbx\boldarcmanagedfbx\x64\debug\app.res
d:\joel\projects\boldarcmanagedfbx\boldarcmanagedfbx\x64\debug\boldarcmanagedfbx.vcxprojresolveassemblyreference.cache
d:\joel\projects\boldarcmanagedfbx\boldarcmanagedfbx\x64\debug\boldarcm.0b6a0a95.tlog\cl.command.1.tlog
d:\joel\projects\boldarcmanagedfbx\boldarcmanagedfbx\x64\debug\boldarcm.0b6a0a95.tlog\cl.read.1.tlog
d:\joel\projects\boldarcmanagedfbx\boldarcmanagedfbx\x64\debug\boldarcm.0b6a0a95.tlog\cl.write.1.tlog
d:\joel\projects\boldarcmanagedfbx\boldarcmanagedfbx\x64\debug\boldarcm.0b6a0a95.tlog\link.command.1.tlog
d:\joel\projects\boldarcmanagedfbx\boldarcmanagedfbx\x64\debug\boldarcm.0b6a0a95.tlog\link.read.1.tlog
d:\joel\projects\boldarcmanagedfbx\boldarcmanagedfbx\x64\debug\boldarcm.0b6a0a95.tlog\link.write.1.tlog
d:\joel\projects\boldarcmanagedfbx\boldarcmanagedfbx\x64\debug\boldarcm.0b6a0a95.tlog\metagen.read.1.tlog
d:\joel\projects\boldarcmanagedfbx\boldarcmanagedfbx\x64\debug\boldarcm.0b6a0a95.tlog\metagen.write.1.tlog
d:\joel\projects\boldarcmanagedfbx\boldarcmanagedfbx\x64\debug\boldarcm.0b6a0a95.tlog\rc.command.1.tlog
d:\joel\projects\boldarcmanagedfbx\boldarcmanagedfbx\x64\debug\boldarcm.0b6a0a95.tlog\rc.read.1.tlog
d:\joel\projects\boldarcmanagedfbx\boldarcmanagedfbx\x64\debug\boldarcm.0b6a0a95.tlog\rc.write.1.tlog
d:\joel\projects\boldarcmanagedfbx\boldarcmanagedfbx\x64\debug\boldarcm.0b6a0a95.tlog\tzres.dll.bi
